2024-12-23 17:30:11,425 - main - INFO - Starting laptop data collection
2024-12-23 17:30:11,427 - RawCrawler - INFO - Starting crawler
2024-12-23 17:30:11,428 - RawCrawler - INFO - Processing URL 1/9
2024-12-23 17:30:11,428 - RawCrawler - INFO - Processing page 1
2024-12-23 17:30:24,296 - RawCrawler - INFO - Found 24 valid products on page 1
2024-12-23 17:30:31,465 - RawCrawler - INFO - Successfully crawled https://www.amazon.in/dp/B08N5W4NNB
2024-12-23 17:30:38,901 - RawCrawler - INFO - Successfully crawled https://www.amazon.in/dp/B0DLHG942M
2024-12-23 17:30:48,009 - RawCrawler - INFO - Successfully crawled https://www.amazon.in/dp/B0DLHFM2XL
2024-12-23 17:30:53,664 - RawCrawler - INFO - Successfully crawled https://www.amazon.in/dp/B0DLHG997J
2024-12-23 17:31:00,095 - RawCrawler - INFO - Successfully crawled https://www.amazon.in/dp/B0DLHGQ17K
2024-12-23 17:31:07,182 - RawCrawler - INFO - Successfully crawled https://www.amazon.in/dp/B0B3C9ZHJZ
2024-12-23 17:31:15,801 - RawCrawler - INFO - Successfully crawled https://www.amazon.in/dp/B0CX21P5VQ
2024-12-23 17:31:23,611 - RawCrawler - INFO - Successfully crawled https://www.amazon.in/dp/B0DLHFS9L6
2024-12-23 17:31:31,286 - RawCrawler - INFO - Successfully crawled https://www.amazon.in/dp/B0CX237H3B
2024-12-23 17:31:40,953 - RawCrawler - INFO - Successfully crawled https://www.amazon.in/dp/B0DLHY232V
2024-12-23 17:31:48,753 - RawCrawler - INFO - Successfully crawled https://www.amazon.in/dp/B0DLHH4BJ9
2024-12-23 17:31:56,924 - RawCrawler - INFO - Successfully crawled https://www.amazon.in/dp/B0CM5WD95F
2024-12-23 17:32:05,713 - RawCrawler - INFO - Successfully crawled https://www.amazon.in/dp/B0DLJ82ZMT
2024-12-23 17:32:13,649 - RawCrawler - INFO - Successfully crawled https://www.amazon.in/dp/B0DLHWMPQL
2024-12-23 17:32:20,435 - RawCrawler - INFO - Successfully crawled https://www.amazon.in/dp/B0DLHGHK9R
2024-12-23 17:32:28,283 - RawCrawler - INFO - Successfully crawled https://www.amazon.in/dp/B0DLHGCB3C
2024-12-23 17:32:34,128 - RawCrawler - INFO - Successfully crawled https://www.amazon.in/dp/B0B3BNDM4J
2024-12-23 17:32:41,933 - RawCrawler - INFO - Successfully crawled https://www.amazon.in/dp/B0DLHFSR9S
2024-12-23 17:32:49,530 - RawCrawler - INFO - Successfully crawled https://www.amazon.in/dp/B0CM5QWD5Q
2024-12-23 17:32:57,715 - RawCrawler - INFO - Successfully crawled https://www.amazon.in/dp/B0CM5SZ7CP
2024-12-23 17:33:06,695 - RawCrawler - INFO - Successfully crawled https://www.amazon.in/dp/B0CM5S7HF6
2024-12-23 17:33:14,724 - RawCrawler - INFO - Successfully crawled https://www.amazon.in/dp/B0CM5R9RJK
2024-12-23 17:33:22,251 - RawCrawler - INFO - Successfully crawled https://www.amazon.in/dp/B0BSHVCXN9
2024-12-23 17:33:28,359 - RawCrawler - INFO - Successfully crawled https://www.amazon.in/dp/B0DLJCCPHW
2024-12-23 17:33:35,110 - RawCrawler - INFO - Processing page 2
2024-12-23 17:33:42,008 - RawCrawler - INFO - Found 2 valid products on page 2
2024-12-23 17:33:47,557 - RawCrawler - INFO - Successfully crawled https://www.amazon.in/dp/B0DLHTNHKD
2024-12-23 17:33:53,203 - RawCrawler - INFO - Successfully crawled https://www.amazon.in/dp/B0DLHFW1GX
2024-12-23 17:33:59,165 - RawCrawler - INFO - Processing page 3
2024-12-23 17:34:12,319 - RawCrawler - WARNING - No products found on page 3 using any selector
2024-12-23 17:34:12,329 - RawCrawler - INFO - No more products found after page 3
2024-12-23 17:34:17,580 - RawCrawler - INFO - Processing URL 2/9
2024-12-23 17:34:17,580 - RawCrawler - INFO - Processing page 1
2024-12-23 17:34:34,292 - RawCrawler - INFO - Found 24 valid products on page 1
2024-12-23 17:34:39,964 - RawCrawler - INFO - Successfully crawled https://www.amazon.in/dp/B0BP2M7CCS
2024-12-23 17:34:48,529 - RawCrawler - INFO - Successfully crawled https://www.amazon.in/dp/B0D4LWYWF9
2024-12-23 17:34:57,814 - RawCrawler - INFO - Successfully crawled https://www.amazon.in/dp/B0CY2PZZJB
2024-12-23 17:35:06,891 - RawCrawler - INFO - Successfully crawled https://www.amazon.in/dp/B0CTKHG3F6
2024-12-23 17:35:15,187 - RawCrawler - INFO - Successfully crawled https://www.amazon.in/dp/B0C3RF3HT3
2024-12-23 17:35:23,406 - RawCrawler - INFO - Successfully crawled https://www.amazon.in/dp/B0B4N77Y34
2024-12-23 17:35:33,606 - RawCrawler - INFO - Successfully crawled https://www.amazon.in/dp/B0D2HL64SQ
2024-12-23 17:35:43,064 - RawCrawler - INFO - Successfully crawled https://www.amazon.in/dp/B0DJCTPW2L
2024-12-23 17:35:52,761 - RawCrawler - INFO - Successfully crawled https://www.amazon.in/dp/B09R1MMMTH
2024-12-23 17:36:01,155 - RawCrawler - INFO - Successfully crawled https://www.amazon.in/dp/B0BWS9YNCX
2024-12-23 17:36:07,868 - RawCrawler - INFO - Successfully crawled https://www.amazon.in/dp/B0C3RCR4K7
2024-12-23 17:36:16,838 - RawCrawler - INFO - Successfully crawled https://www.amazon.in/dp/B0B1MBFJJ2
2024-12-23 17:36:26,975 - RawCrawler - INFO - Successfully crawled https://www.amazon.in/dp/B0D2KDCWJL
2024-12-23 17:36:36,148 - RawCrawler - INFO - Successfully crawled https://www.amazon.in/dp/B0DJCTH9ZD
2024-12-23 17:36:45,181 - RawCrawler - INFO - Successfully crawled https://www.amazon.in/dp/B0CJM5Z6FY
2024-12-23 17:36:55,832 - RawCrawler - INFO - Successfully crawled https://www.amazon.in/dp/B0DJCWBY7G
2024-12-23 17:37:04,805 - RawCrawler - INFO - Successfully crawled https://www.amazon.in/dp/B0DH8831VF
2024-12-23 17:37:14,282 - RawCrawler - INFO - Successfully crawled https://www.amazon.in/dp/B0BWSGZFYR
2024-12-23 17:37:22,994 - RawCrawler - INFO - Successfully crawled https://www.amazon.in/dp/B0DKGDB9X5
2024-12-23 17:37:31,439 - RawCrawler - INFO - Successfully crawled https://www.amazon.in/dp/B0CJBP38HR
2024-12-23 17:37:41,833 - RawCrawler - INFO - Successfully crawled https://www.amazon.in/dp/B0D2DHNKFB
2024-12-23 17:37:49,872 - RawCrawler - INFO - Successfully crawled https://www.amazon.in/dp/B0D4LZMJ5Z
2024-12-23 17:37:59,064 - RawCrawler - INFO - Successfully crawled https://www.amazon.in/dp/B0D2DDJ6PJ
2024-12-23 17:38:09,737 - RawCrawler - INFO - Successfully crawled https://www.amazon.in/dp/B0CYQ257C1
2024-12-23 17:38:14,292 - RawCrawler - INFO - Processing page 2
2024-12-23 17:38:29,126 - RawCrawler - INFO - Found 24 valid products on page 2
2024-12-23 17:38:35,874 - RawCrawler - INFO - Successfully crawled https://www.amazon.in/dp/B0BZS88YPT
2024-12-23 17:38:44,427 - RawCrawler - INFO - Successfully crawled https://www.amazon.in/dp/B0CCVZP835
2024-12-23 17:38:52,740 - RawCrawler - INFO - Successfully crawled https://www.amazon.in/dp/B0CJ2KWNNQ
2024-12-23 17:39:00,848 - RawCrawler - INFO - Successfully crawled https://www.amazon.in/dp/B0DJCWZ5BT
2024-12-23 17:39:09,860 - RawCrawler - INFO - Successfully crawled https://www.amazon.in/dp/B0BQN2HV46
2024-12-23 17:39:18,406 - RawCrawler - INFO - Successfully crawled https://www.amazon.in/dp/B0C9DDN2JB
2024-12-23 17:39:27,695 - RawCrawler - INFO - Successfully crawled https://www.amazon.in/dp/B0DJCSYLFJ
2024-12-23 17:39:35,813 - RawCrawler - INFO - Successfully crawled https://www.amazon.in/dp/B0CY2P29D6
2024-12-23 17:39:44,154 - RawCrawler - INFO - Successfully crawled https://www.amazon.in/dp/B0CXMX4NJ2
2024-12-23 17:39:53,062 - RawCrawler - INFO - Successfully crawled https://www.amazon.in/dp/B09RZRF1PJ
2024-12-23 17:39:59,997 - RawCrawler - INFO - Successfully crawled https://www.amazon.in/dp/B0CPY2VZ82
2024-12-23 17:40:10,327 - RawCrawler - INFO - Successfully crawled https://www.amazon.in/dp/B0CY2PLQ8N
2024-12-23 17:40:20,074 - RawCrawler - INFO - Successfully crawled https://www.amazon.in/dp/B0D1YJR2ZY
2024-12-23 17:40:27,522 - RawCrawler - INFO - Successfully crawled https://www.amazon.in/dp/B0CNR7KRSC
2024-12-23 17:40:37,073 - RawCrawler - INFO - Successfully crawled https://www.amazon.in/dp/B0D8J8H131
2024-12-23 17:40:47,600 - RawCrawler - INFO - Successfully crawled https://www.amazon.in/dp/B0D1YHWVF9
2024-12-23 17:40:56,044 - RawCrawler - INFO - Successfully crawled https://www.amazon.in/dp/B0C2HZYM87
2024-12-23 17:41:05,898 - RawCrawler - INFO - Successfully crawled https://www.amazon.in/dp/B0B6F6HN37
2024-12-23 17:41:14,843 - RawCrawler - INFO - Successfully crawled https://www.amazon.in/dp/B0D81CP85D
2024-12-23 17:41:21,600 - RawCrawler - INFO - Successfully crawled https://www.amazon.in/dp/B0CGDWGXGP
2024-12-23 17:41:29,302 - RawCrawler - INFO - Successfully crawled https://www.amazon.in/dp/B0DKGB5V4T
2024-12-23 17:41:38,213 - RawCrawler - INFO - Successfully crawled https://www.amazon.in/dp/B0BZYP6JK8
2024-12-23 17:41:46,163 - RawCrawler - INFO - Successfully crawled https://www.amazon.in/dp/B07BRND2FT
2024-12-23 17:41:55,788 - RawCrawler - INFO - Successfully crawled https://www.amazon.in/dp/B0DJCTF47W
2024-12-23 17:42:00,590 - RawCrawler - INFO - Processing page 3
2024-12-23 17:42:11,587 - RawCrawler - INFO - Found 24 valid products on page 3
2024-12-23 17:42:16,938 - RawCrawler - INFO - Successfully crawled https://www.amazon.in/dp/B0DBLRLL9B
2024-12-23 17:42:25,670 - RawCrawler - INFO - Successfully crawled https://www.amazon.in/dp/B0CTK2YK8H
2024-12-23 17:42:34,409 - RawCrawler - INFO - Successfully crawled https://www.amazon.in/dp/B0CYQ8DS2B
2024-12-23 17:42:40,517 - RawCrawler - INFO - Successfully crawled https://www.amazon.in/dp/B0DJCQPNZ8
2024-12-23 17:42:49,496 - RawCrawler - INFO - Successfully crawled https://www.amazon.in/dp/B09QQPGDBG
2024-12-23 17:42:59,058 - RawCrawler - INFO - Successfully crawled https://www.amazon.in/dp/B0C9JN4VMV
2024-12-23 17:43:07,897 - RawCrawler - INFO - Successfully crawled https://www.amazon.in/dp/B0BRT8BRKY
2024-12-23 17:43:17,371 - RawCrawler - INFO - Successfully crawled https://www.amazon.in/dp/B0DH8825W6
2024-12-23 17:43:24,833 - RawCrawler - INFO - Successfully crawled https://www.amazon.in/dp/B0BZYTVPR2
2024-12-23 17:43:32,292 - RawCrawler - INFO - Successfully crawled https://www.amazon.in/dp/B0D7PXTNRX
2024-12-23 17:43:39,760 - RawCrawler - INFO - Successfully crawled https://www.amazon.in/dp/B096G1V3RC
2024-12-23 17:43:49,475 - RawCrawler - INFO - Successfully crawled https://www.amazon.in/dp/B0DCG8DMRR
2024-12-23 17:43:57,583 - RawCrawler - INFO - Successfully crawled https://www.amazon.in/dp/B0CWDBJ3Q8
2024-12-23 17:44:07,919 - RawCrawler - INFO - Successfully crawled https://www.amazon.in/dp/B0CKHWTWSZ
2024-12-23 17:44:14,295 - RawCrawler - INFO - Successfully crawled https://www.amazon.in/dp/B0C946F286
2024-12-23 17:44:23,733 - RawCrawler - INFO - Successfully crawled https://www.amazon.in/dp/B0DF7Q2CXF
2024-12-23 17:44:33,778 - RawCrawler - INFO - Successfully crawled https://www.amazon.in/dp/B0D268HBQY
2024-12-23 17:44:42,221 - RawCrawler - INFO - Successfully crawled https://www.amazon.in/dp/B0B6F5V23N
2024-12-23 17:44:51,657 - RawCrawler - INFO - Successfully crawled https://www.amazon.in/dp/B0CFLMMWY2
2024-12-23 17:44:58,852 - RawCrawler - INFO - Successfully crawled https://www.amazon.in/dp/B0CBBWW9YW
2024-12-23 17:45:05,433 - RawCrawler - INFO - Successfully crawled https://www.amazon.in/dp/B0DJCTS4N4
2024-12-23 17:45:13,664 - RawCrawler - INFO - Successfully crawled https://www.amazon.in/dp/B0CDG7T8NF
2024-12-23 17:45:22,350 - RawCrawler - INFO - Successfully crawled https://www.amazon.in/dp/B0C3D99LTP
2024-12-23 17:45:30,746 - RawCrawler - INFO - Successfully crawled https://www.amazon.in/dp/B0B1MDHJCC
2024-12-23 17:45:38,173 - RawCrawler - INFO - Processing page 4
2024-12-23 17:45:54,820 - RawCrawler - INFO - Found 24 valid products on page 4
2024-12-23 17:46:02,418 - RawCrawler - INFO - Successfully crawled https://www.amazon.in/dp/B0B1MDHJCC
2024-12-23 17:46:08,975 - RawCrawler - INFO - Successfully crawled https://www.amazon.in/dp/B0CWNX8P6G
2024-12-23 17:46:17,283 - RawCrawler - INFO - Successfully crawled https://www.amazon.in/dp/B08W3JY354
2024-12-23 17:46:26,195 - RawCrawler - INFO - Successfully crawled https://www.amazon.in/dp/B0CJC7S45V
2024-12-23 17:46:34,362 - RawCrawler - INFO - Successfully crawled https://www.amazon.in/dp/B0CRDZVKNK
2024-12-23 17:46:41,232 - RawCrawler - INFO - Successfully crawled https://www.amazon.in/dp/B0D7CFJP58
2024-12-23 17:46:48,562 - RawCrawler - INFO - Successfully crawled https://www.amazon.in/dp/B0DJCZB7QS
2024-12-23 17:46:58,687 - RawCrawler - INFO - Successfully crawled https://www.amazon.in/dp/B0D81CWDSX
2024-12-23 17:47:07,317 - RawCrawler - INFO - Successfully crawled https://www.amazon.in/dp/B0DCG73TNK
2024-12-23 17:47:16,530 - RawCrawler - INFO - Successfully crawled https://www.amazon.in/dp/B0D6R94BRR
2024-12-23 17:47:23,064 - RawCrawler - INFO - Successfully crawled https://www.amazon.in/dp/B0D1YL72Y6
2024-12-23 17:47:32,314 - RawCrawler - INFO - Successfully crawled https://www.amazon.in/dp/B0D7H15S9Z
2024-12-23 17:47:40,464 - RawCrawler - INFO - Successfully crawled https://www.amazon.in/dp/B0D81CT9JJ
2024-12-23 17:47:50,636 - RawCrawler - INFO - Successfully crawled https://www.amazon.in/dp/B0D262YX9D
2024-12-23 17:47:59,097 - RawCrawler - INFO - Successfully crawled https://www.amazon.in/dp/B0CKN82JBF
2024-12-23 17:48:09,118 - RawCrawler - INFO - Successfully crawled https://www.amazon.in/dp/B0C3MGXYGK
2024-12-23 17:48:16,862 - RawCrawler - INFO - Successfully crawled https://www.amazon.in/dp/B0DKG9K3ML
2024-12-23 17:48:25,383 - RawCrawler - INFO - Successfully crawled https://www.amazon.in/dp/B0CWFHH47G
2024-12-23 17:48:33,662 - RawCrawler - INFO - Successfully crawled https://www.amazon.in/dp/B0DFCKH8ZW
2024-12-23 17:48:42,082 - RawCrawler - INFO - Successfully crawled https://www.amazon.in/dp/B0CW1CYB7T
2024-12-23 17:48:49,602 - RawCrawler - INFO - Successfully crawled https://www.amazon.in/dp/B0C3D78N9J
2024-12-23 17:48:56,803 - RawCrawler - INFO - Successfully crawled https://www.amazon.in/dp/B0D4M1XZ3D
2024-12-23 17:49:04,832 - RawCrawler - INFO - Successfully crawled https://www.amazon.in/dp/B0DJCRN6ZX
2024-12-23 17:49:12,725 - RawCrawler - INFO - Successfully crawled https://www.amazon.in/dp/B0D6BFNSB5
2024-12-23 17:49:17,400 - RawCrawler - INFO - Processing page 5
2024-12-23 17:49:26,535 - RawCrawler - INFO - Found 24 valid products on page 5
2024-12-23 17:49:34,509 - RawCrawler - INFO - Successfully crawled https://www.amazon.in/dp/B0CZDRCHQ5
2024-12-23 17:49:44,066 - RawCrawler - INFO - Successfully crawled https://www.amazon.in/dp/B0C3RCZ1P6
2024-12-23 17:49:53,665 - RawCrawler - INFO - Successfully crawled https://www.amazon.in/dp/B0CRF1BYX9
2024-12-23 17:50:01,862 - RawCrawler - INFO - Successfully crawled https://www.amazon.in/dp/B0DJCXBC3X
2024-12-23 17:50:10,772 - RawCrawler - INFO - Successfully crawled https://www.amazon.in/dp/B0BRTBVSHS
2024-12-23 17:50:17,978 - RawCrawler - INFO - Successfully crawled https://www.amazon.in/dp/B0B5R97495
2024-12-23 17:50:26,241 - RawCrawler - INFO - Successfully crawled https://www.amazon.in/dp/B0C3CJX15D
2024-12-23 17:50:34,303 - RawCrawler - INFO - Successfully crawled https://www.amazon.in/dp/B0DJCTFSG5
2024-12-23 17:50:43,427 - RawCrawler - INFO - Successfully crawled https://www.amazon.in/dp/B0C3MJZ5YB
2024-12-23 17:50:53,084 - RawCrawler - INFO - Successfully crawled https://www.amazon.in/dp/B0C9J7NFL1
2024-12-23 17:51:00,233 - RawCrawler - INFO - Successfully crawled https://www.amazon.in/dp/B0D879YB6L
2024-12-23 17:51:08,726 - RawCrawler - INFO - Successfully crawled https://www.amazon.in/dp/B0CRDSC9CC
2024-12-23 17:51:17,948 - RawCrawler - INFO - Successfully crawled https://www.amazon.in/dp/B09RFVJD7R
2024-12-23 17:51:26,308 - RawCrawler - INFO - Successfully crawled https://www.amazon.in/dp/B0C3D81MJG
2024-12-23 17:51:34,377 - RawCrawler - INFO - Successfully crawled https://www.amazon.in/dp/B0DLX1BKQ4
2024-12-23 17:51:42,901 - RawCrawler - INFO - Successfully crawled https://www.amazon.in/dp/B0B63ZN3SD
2024-12-23 17:51:53,699 - RawCrawler - INFO - Successfully crawled https://www.amazon.in/dp/B0B3TF1KXY
2024-12-23 17:52:01,647 - RawCrawler - INFO - Successfully crawled https://www.amazon.in/dp/B0BJ2LZXD9
2024-12-23 17:52:10,075 - RawCrawler - INFO - Successfully crawled https://www.amazon.in/dp/B0CY2MJ7LL
2024-12-23 17:52:18,983 - RawCrawler - INFO - Successfully crawled https://www.amazon.in/dp/B0C3CMCLYT
2024-12-23 17:52:27,249 - RawCrawler - INFO - Successfully crawled https://www.amazon.in/dp/B0D154JLVS
2024-12-23 17:52:36,738 - RawCrawler - INFO - Successfully crawled https://www.amazon.in/dp/B09MH5MLYP
2024-12-23 17:52:44,464 - RawCrawler - INFO - Successfully crawled https://www.amazon.in/dp/B0D9YC8RZQ
2024-12-23 17:52:51,232 - RawCrawler - INFO - Successfully crawled https://www.amazon.in/dp/B0D2HNMB22
2024-12-23 17:52:56,161 - RawCrawler - INFO - Processing page 6
2024-12-23 17:53:10,086 - RawCrawler - INFO - Found 23 valid products on page 6
2024-12-23 17:53:18,015 - RawCrawler - INFO - Successfully crawled https://www.amazon.in/dp/B0BSG1S3GN
2024-12-23 17:53:26,775 - RawCrawler - INFO - Successfully crawled https://www.amazon.in/dp/B0CW1T1427
2024-12-23 17:53:35,180 - RawCrawler - INFO - Successfully crawled https://www.amazon.in/dp/B0CWFG8ZQM
2024-12-23 17:53:45,347 - RawCrawler - INFO - Successfully crawled https://www.amazon.in/dp/B0DNJTY43G
2024-12-23 17:53:52,455 - RawCrawler - INFO - Successfully crawled https://www.amazon.in/dp/B0D35T5YRZ
2024-12-23 17:54:00,747 - RawCrawler - INFO - Successfully crawled https://www.amazon.in/dp/B08XNYH4LX
2024-12-23 17:54:08,033 - RawCrawler - INFO - Successfully crawled https://www.amazon.in/dp/B0CGDX26DZ
2024-12-23 17:54:15,839 - RawCrawler - INFO - Successfully crawled https://www.amazon.in/dp/B0DPT19FZD
2024-12-23 17:54:24,791 - RawCrawler - INFO - Successfully crawled https://www.amazon.in/dp/B09QQM3J65
2024-12-23 17:54:33,819 - RawCrawler - INFO - Successfully crawled https://www.amazon.in/dp/B0CY2Q63PY
2024-12-23 17:54:41,211 - RawCrawler - INFO - Successfully crawled https://www.amazon.in/dp/B0CRKQ144S
2024-12-23 17:54:50,594 - RawCrawler - INFO - Successfully crawled https://www.amazon.in/dp/B0CCY158HB
2024-12-23 17:54:58,705 - RawCrawler - INFO - Successfully crawled https://www.amazon.in/dp/B0BS3X1ZBX
2024-12-23 17:55:07,972 - RawCrawler - INFO - Successfully crawled https://www.amazon.in/dp/B0D153Y7Y4
2024-12-23 17:55:16,708 - RawCrawler - INFO - Successfully crawled https://www.amazon.in/dp/B08WB857GB
2024-12-23 17:55:24,561 - RawCrawler - INFO - Successfully crawled https://www.amazon.in/dp/B0BXB4712P
2024-12-23 17:55:32,688 - RawCrawler - INFO - Successfully crawled https://www.amazon.in/dp/B0CWFDV1X2
2024-12-23 17:55:40,037 - RawCrawler - INFO - Successfully crawled https://www.amazon.in/dp/B0C8VF4DL5
2024-12-23 17:55:48,350 - RawCrawler - INFO - Successfully crawled https://www.amazon.in/dp/B0D266JF6R
2024-12-23 17:55:57,993 - RawCrawler - INFO - Successfully crawled https://www.amazon.in/dp/B0CDG6TM66
2024-12-23 17:56:04,937 - RawCrawler - INFO - Successfully crawled https://www.amazon.in/dp/B0C3MFSVZR
2024-12-23 17:56:12,511 - RawCrawler - INFO - Successfully crawled https://www.amazon.in/dp/B0CRKP9ZML
2024-12-23 17:56:19,802 - RawCrawler - INFO - Successfully crawled https://www.amazon.in/dp/B0C42XMXG1
2024-12-23 17:56:25,258 - RawCrawler - INFO - Processing page 7
2024-12-23 17:56:38,762 - RawCrawler - INFO - Found 24 valid products on page 7
2024-12-23 17:56:44,734 - RawCrawler - INFO - Successfully crawled https://www.amazon.in/dp/B0C42XMXG1
2024-12-23 17:56:51,198 - RawCrawler - INFO - Successfully crawled https://www.amazon.in/dp/B0C3D8BZVQ
2024-12-23 17:56:59,147 - RawCrawler - INFO - Successfully crawled https://www.amazon.in/dp/B0C33T94YB
2024-12-23 17:57:06,737 - RawCrawler - INFO - Successfully crawled https://www.amazon.in/dp/B0D62HXLWP
2024-12-23 17:57:14,202 - RawCrawler - INFO - Successfully crawled https://www.amazon.in/dp/B0B63XMN7Z
2024-12-23 17:57:21,468 - RawCrawler - INFO - Successfully crawled https://www.amazon.in/dp/B0CRKT8L4G
2024-12-23 17:57:31,138 - RawCrawler - INFO - Successfully crawled https://www.amazon.in/dp/B0D628CFRM
2024-12-23 17:57:38,750 - RawCrawler - INFO - Successfully crawled https://www.amazon.in/dp/B08RFTYKFZ
2024-12-23 17:57:46,015 - RawCrawler - INFO - Successfully crawled https://www.amazon.in/dp/B0CWFF617S
2024-12-23 17:57:56,362 - RawCrawler - INFO - Successfully crawled https://www.amazon.in/dp/B0CCY1T539
2024-12-23 17:58:04,963 - RawCrawler - INFO - Successfully crawled https://www.amazon.in/dp/B0CH14VW2Y
2024-12-23 17:58:14,428 - RawCrawler - INFO - Successfully crawled https://www.amazon.in/dp/B0BVWFFR9Q
2024-12-23 17:58:22,331 - RawCrawler - INFO - Successfully crawled https://www.amazon.in/dp/B0CKXV9Z4L
2024-12-23 17:58:30,616 - RawCrawler - INFO - Successfully crawled https://www.amazon.in/dp/B0D62JVCGT
2024-12-23 17:58:38,275 - RawCrawler - INFO - Successfully crawled https://www.amazon.in/dp/B09Y985TSS
2024-12-23 17:58:48,107 - RawCrawler - INFO - Successfully crawled https://www.amazon.in/dp/B0D9JVGP6P
2024-12-23 17:58:57,767 - RawCrawler - INFO - Successfully crawled https://www.amazon.in/dp/B0C9KCZ4YB
2024-12-23 17:59:07,020 - RawCrawler - INFO - Successfully crawled https://www.amazon.in/dp/B0D6R76599
2024-12-23 17:59:16,556 - RawCrawler - INFO - Successfully crawled https://www.amazon.in/dp/B0D5D96CVY
2024-12-23 17:59:23,893 - RawCrawler - INFO - Successfully crawled https://www.amazon.in/dp/B0DKGBCZFJ
2024-12-23 17:59:31,734 - RawCrawler - INFO - Successfully crawled https://www.amazon.in/dp/B09RX35BKN
2024-12-23 17:59:39,627 - RawCrawler - INFO - Successfully crawled https://www.amazon.in/dp/B0BSFZ3ZS6
2024-12-23 17:59:50,336 - RawCrawler - INFO - Successfully crawled https://www.amazon.in/dp/B0C9DRCML9
2024-12-23 17:59:57,264 - RawCrawler - INFO - Successfully crawled https://www.amazon.in/dp/B0B752D4Z7
2024-12-23 18:00:02,771 - RawCrawler - INFO - Processing page 8
2024-12-23 18:00:17,708 - RawCrawler - INFO - Found 24 valid products on page 8
2024-12-23 18:00:22,425 - RawCrawler - INFO - Successfully crawled https://www.amazon.in/dp/B0CBBWB23B
2024-12-23 18:00:29,777 - RawCrawler - INFO - Successfully crawled https://www.amazon.in/dp/B09TSRGZL3
2024-12-23 18:00:39,534 - RawCrawler - INFO - Successfully crawled https://www.amazon.in/dp/B09KGQY5BS
2024-12-23 18:00:47,227 - RawCrawler - INFO - Successfully crawled https://www.amazon.in/dp/B0BVQJ5R2H
2024-12-23 18:00:53,992 - RawCrawler - INFO - Successfully crawled https://www.amazon.in/dp/B0DCG279M2
2024-12-23 18:01:02,187 - RawCrawler - INFO - Successfully crawled https://www.amazon.in/dp/B0CNK2D4TQ
2024-12-23 18:01:09,731 - RawCrawler - INFO - Successfully crawled https://www.amazon.in/dp/B0C3MGYZQX
2024-12-23 18:01:19,089 - RawCrawler - INFO - Successfully crawled https://www.amazon.in/dp/B09S9PL2BS
2024-12-23 18:01:27,654 - RawCrawler - INFO - Successfully crawled https://www.amazon.in/dp/B0CWFFYM8R
2024-12-23 18:01:37,782 - RawCrawler - INFO - Successfully crawled https://www.amazon.in/dp/B0D62H8CDZ
2024-12-23 18:01:45,919 - RawCrawler - INFO - Successfully crawled https://www.amazon.in/dp/B09JFF1S3X
2024-12-23 18:01:56,049 - RawCrawler - INFO - Successfully crawled https://www.amazon.in/dp/B0CVH48F82
2024-12-23 18:02:04,518 - RawCrawler - INFO - Successfully crawled https://www.amazon.in/dp/B0BSFZZKC1
2024-12-23 18:02:12,370 - RawCrawler - INFO - Successfully crawled https://www.amazon.in/dp/B09KLZJDT6
2024-12-23 18:02:21,970 - RawCrawler - INFO - Successfully crawled https://www.amazon.in/dp/B09V1F51SF
2024-12-23 18:02:30,707 - RawCrawler - INFO - Successfully crawled https://www.amazon.in/dp/B0DJCSWN4F
2024-12-23 18:02:38,045 - RawCrawler - INFO - Successfully crawled https://www.amazon.in/dp/B0CWFGVGPL
2024-12-23 18:02:46,970 - RawCrawler - INFO - Successfully crawled https://www.amazon.in/dp/B0DGX5X7NZ
2024-12-23 18:02:53,141 - RawCrawler - INFO - Successfully crawled https://www.amazon.in/dp/B0DH9S4RPH
2024-12-23 18:03:00,039 - RawCrawler - INFO - Successfully crawled https://www.amazon.in/dp/B0CPY11TDY
2024-12-23 18:03:08,958 - RawCrawler - INFO - Successfully crawled https://www.amazon.in/dp/B0C1P8JFLM
2024-12-23 18:03:15,561 - RawCrawler - INFO - Successfully crawled https://www.amazon.in/dp/B0C1CKBD29
2024-12-23 18:03:24,935 - RawCrawler - INFO - Successfully crawled https://www.amazon.in/dp/B0B5R93RSL
2024-12-23 18:03:32,896 - RawCrawler - INFO - Successfully crawled https://www.amazon.in/dp/B092ZZR8JH
2024-12-23 18:03:37,560 - RawCrawler - INFO - Processing page 9
2024-12-23 18:03:50,389 - RawCrawler - INFO - Found 23 valid products on page 9
2024-12-23 18:03:55,921 - RawCrawler - INFO - Successfully crawled https://www.amazon.in/dp/B0BSL766TD
2024-12-23 18:04:03,486 - RawCrawler - INFO - Successfully crawled https://www.amazon.in/dp/B0BZYYN4P7
2024-12-23 18:04:11,134 - RawCrawler - INFO - Successfully crawled https://www.amazon.in/dp/B0BBMRNG18
2024-12-23 18:04:20,669 - RawCrawler - INFO - Successfully crawled https://www.amazon.in/dp/B09KTZS3JP
2024-12-23 18:04:30,378 - RawCrawler - INFO - Successfully crawled https://www.amazon.in/dp/B0DJCRS2R8
2024-12-23 18:04:36,505 - RawCrawler - INFO - Successfully crawled https://www.amazon.in/dp/B0B4N7744D
2024-12-23 18:04:44,370 - RawCrawler - INFO - Successfully crawled https://www.amazon.in/dp/B0CGDD1F5C
2024-12-23 18:04:53,867 - RawCrawler - INFO - Successfully crawled https://www.amazon.in/dp/B092JLRFS5
2024-12-23 18:05:02,394 - RawCrawler - INFO - Successfully crawled https://www.amazon.in/dp/B0B87V93C4
2024-12-23 18:05:08,780 - RawCrawler - INFO - Successfully crawled https://www.amazon.in/dp/B0D2LFFB2N
2024-12-23 18:05:15,970 - RawCrawler - INFO - Successfully crawled https://www.amazon.in/dp/B0DKG9Q1QC
2024-12-23 18:05:24,071 - RawCrawler - INFO - Successfully crawled https://www.amazon.in/dp/B09Y996MQN
2024-12-23 18:05:31,812 - RawCrawler - INFO - Successfully crawled https://www.amazon.in/dp/B0DKBNWCZJ
2024-12-23 18:05:42,569 - RawCrawler - INFO - Successfully crawled https://www.amazon.in/dp/B0B3J1S3X1
2024-12-23 18:05:50,357 - RawCrawler - INFO - Successfully crawled https://www.amazon.in/dp/B0DKBQ43D8
2024-12-23 18:05:58,689 - RawCrawler - INFO - Successfully crawled https://www.amazon.in/dp/B0B5R8QWBB
2024-12-23 18:06:07,023 - RawCrawler - INFO - Successfully crawled https://www.amazon.in/dp/B0CJM5J5LS
2024-12-23 18:06:15,438 - RawCrawler - INFO - Successfully crawled https://www.amazon.in/dp/B0CGM8YD5J
2024-12-23 18:06:23,181 - RawCrawler - INFO - Successfully crawled https://www.amazon.in/dp/B0CZXRNW4S
2024-12-23 18:06:31,642 - RawCrawler - INFO - Successfully crawled https://www.amazon.in/dp/B0CY2R1G3G
2024-12-23 18:06:38,776 - RawCrawler - INFO - Successfully crawled https://www.amazon.in/dp/B0C3D6NMJ3
2024-12-23 18:06:48,259 - RawCrawler - INFO - Successfully crawled https://www.amazon.in/dp/B0CJ2L8BF3
2024-12-23 18:06:55,182 - RawCrawler - INFO - Successfully crawled https://www.amazon.in/dp/B0CRKN4D4S
2024-12-23 18:07:01,500 - RawCrawler - INFO - Processing page 10
2024-12-23 18:07:09,304 - RawCrawler - INFO - Found 24 valid products on page 10
2024-12-23 18:07:14,595 - RawCrawler - INFO - Successfully crawled https://www.amazon.in/dp/B0C42ZTMWR
2024-12-23 18:07:23,748 - RawCrawler - INFO - Successfully crawled https://www.amazon.in/dp/B0BVR3HZGF
2024-12-23 18:07:30,923 - RawCrawler - INFO - Successfully crawled https://www.amazon.in/dp/B0DKBM3VFT
2024-12-23 18:07:39,037 - RawCrawler - INFO - Successfully crawled https://www.amazon.in/dp/B0C2YKG679
2024-12-23 18:07:48,661 - RawCrawler - INFO - Successfully crawled https://www.amazon.in/dp/B0B2KGJ212
2024-12-23 18:07:55,554 - RawCrawler - INFO - Successfully crawled https://www.amazon.in/dp/B09WDQJDGH
2024-12-23 18:08:03,186 - RawCrawler - INFO - Successfully crawled https://www.amazon.in/dp/B0D266DSG7
2024-12-23 18:08:10,264 - RawCrawler - INFO - Successfully crawled https://www.amazon.in/dp/B093L8FSP2
2024-12-23 18:08:19,084 - RawCrawler - INFO - Successfully crawled https://www.amazon.in/dp/B0C3MHK1HV
2024-12-23 18:08:25,493 - RawCrawler - INFO - Successfully crawled https://www.amazon.in/dp/B0B5R92VP6
2024-12-23 18:08:35,482 - RawCrawler - INFO - Successfully crawled https://www.amazon.in/dp/B0BPSFKR7K
2024-12-23 18:08:46,129 - RawCrawler - INFO - Successfully crawled https://www.amazon.in/dp/B0C2VXVPBD
2024-12-23 18:08:55,442 - RawCrawler - INFO - Successfully crawled https://www.amazon.in/dp/B08HW9492C
2024-12-23 18:09:03,676 - RawCrawler - INFO - Successfully crawled https://www.amazon.in/dp/B0C5MFMH75
2024-12-23 18:09:13,372 - RawCrawler - INFO - Successfully crawled https://www.amazon.in/dp/B0D7PY3NHG
2024-12-23 18:09:21,361 - RawCrawler - INFO - Successfully crawled https://www.amazon.in/dp/B0BWY1JXPT
2024-12-23 18:09:30,431 - RawCrawler - INFO - Successfully crawled https://www.amazon.in/dp/B0DGD3YP37
2024-12-23 18:09:39,070 - RawCrawler - INFO - Successfully crawled https://www.amazon.in/dp/B0C1CHWW1Z
2024-12-23 18:09:48,536 - RawCrawler - INFO - Successfully crawled https://www.amazon.in/dp/B0BYT3QCGC
2024-12-23 18:09:55,927 - RawCrawler - INFO - Successfully crawled https://www.amazon.in/dp/B0D8YWL1FR
2024-12-23 18:10:04,833 - RawCrawler - INFO - Successfully crawled https://www.amazon.in/dp/B0D1BT9SXF
2024-12-23 18:10:13,067 - RawCrawler - INFO - Successfully crawled https://www.amazon.in/dp/B08WHML7F1
2024-12-23 18:10:21,383 - RawCrawler - INFO - Successfully crawled https://www.amazon.in/dp/B0C9DT5F1W
2024-12-23 18:10:29,214 - RawCrawler - INFO - Successfully crawled https://www.amazon.in/dp/B0D2642MBF
2024-12-23 18:10:33,814 - RawCrawler - INFO - Processing page 11
2024-12-23 18:10:41,918 - RawCrawler - INFO - Found 24 valid products on page 11
2024-12-23 18:10:49,077 - RawCrawler - INFO - Successfully crawled https://www.amazon.in/dp/B0CG234YY5
2024-12-23 18:10:56,623 - RawCrawler - INFO - Successfully crawled https://www.amazon.in/dp/B0CJC7HVXG
2024-12-23 18:11:03,613 - RawCrawler - INFO - Successfully crawled https://www.amazon.in/dp/B0C1CJDRTJ
2024-12-23 18:11:11,547 - RawCrawler - INFO - Successfully crawled https://www.amazon.in/dp/B09VCCWD25
2024-12-23 18:11:19,722 - RawCrawler - INFO - Successfully crawled https://www.amazon.in/dp/B09SGCJJQG
2024-12-23 18:11:29,581 - RawCrawler - INFO - Successfully crawled https://www.amazon.in/dp/B0CDG93JD8
2024-12-23 18:11:37,724 - RawCrawler - INFO - Successfully crawled https://www.amazon.in/dp/B0BZYM8DL5
2024-12-23 18:11:46,148 - RawCrawler - INFO - Successfully crawled https://www.amazon.in/dp/B0D2DFZL3K
2024-12-23 18:11:53,802 - RawCrawler - INFO - Successfully crawled https://www.amazon.in/dp/B0C1CLMLWX
2024-12-23 18:12:01,868 - RawCrawler - INFO - Successfully crawled https://www.amazon.in/dp/B091TWZF2Y
2024-12-23 18:12:10,098 - RawCrawler - INFO - Successfully crawled https://www.amazon.in/dp/B0D2DGTMGS
2024-12-23 18:12:18,969 - RawCrawler - INFO - Successfully crawled https://www.amazon.in/dp/B0CXPY1STK
2024-12-23 18:12:27,450 - RawCrawler - INFO - Successfully crawled https://www.amazon.in/dp/B0CZF6PSW9
2024-12-23 18:12:34,243 - RawCrawler - INFO - Successfully crawled https://www.amazon.in/dp/B0CJDV79D3
2024-12-23 18:12:42,422 - RawCrawler - INFO - Successfully crawled https://www.amazon.in/dp/B0C2D45F3B
2024-12-23 18:12:51,859 - RawCrawler - INFO - Successfully crawled https://www.amazon.in/dp/B0D6296LKF
2024-12-23 18:13:00,571 - RawCrawler - INFO - Successfully crawled https://www.amazon.in/dp/B0CGDWZ24X
2024-12-23 18:13:07,714 - RawCrawler - INFO - Successfully crawled https://www.amazon.in/dp/B09VCC4RGR
2024-12-23 18:13:13,642 - RawCrawler - INFO - Successfully crawled https://www.amazon.in/dp/B0D62BZYL6
2024-12-23 18:13:23,256 - RawCrawler - INFO - Successfully crawled https://www.amazon.in/dp/B0CXMVNX1C
2024-12-23 18:13:30,386 - RawCrawler - INFO - Successfully crawled https://www.amazon.in/dp/B0CWCW288W
2024-12-23 18:13:39,467 - RawCrawler - INFO - Successfully crawled https://www.amazon.in/dp/B0D2DDJ1PN
2024-12-23 18:13:46,302 - RawCrawler - INFO - Successfully crawled https://www.amazon.in/dp/B0D261QW93
2024-12-23 18:13:54,231 - RawCrawler - INFO - Successfully crawled https://www.amazon.in/dp/B0CR6M3RJ5
2024-12-23 18:14:01,792 - RawCrawler - INFO - Processing page 12
2024-12-23 18:14:07,903 - RawCrawler - INFO - Found 24 valid products on page 12
2024-12-23 18:14:14,733 - RawCrawler - INFO - Successfully crawled https://www.amazon.in/dp/B0CXQ1TTPH
2024-12-23 18:14:24,119 - RawCrawler - INFO - Successfully crawled https://www.amazon.in/dp/B0CF9G223Y
2024-12-23 18:14:33,468 - RawCrawler - INFO - Successfully crawled https://www.amazon.in/dp/B0C2YHTH3H
2024-12-23 18:14:41,354 - RawCrawler - INFO - Successfully crawled https://www.amazon.in/dp/B09S9XXTK5
2024-12-23 18:14:48,913 - RawCrawler - INFO - Successfully crawled https://www.amazon.in/dp/B0DGX82JJW
2024-12-23 18:14:55,729 - RawCrawler - INFO - Successfully crawled https://www.amazon.in/dp/B0BNJ7H8CG
2024-12-23 18:15:05,990 - RawCrawler - INFO - Successfully crawled https://www.amazon.in/dp/B0B5R9DTVG
2024-12-23 18:15:14,355 - RawCrawler - INFO - Successfully crawled https://www.amazon.in/dp/B0B5DHGXKQ
2024-12-23 18:15:21,694 - RawCrawler - INFO - Successfully crawled https://www.amazon.in/dp/B09P482HJ6
2024-12-23 18:15:30,481 - RawCrawler - INFO - Successfully crawled https://www.amazon.in/dp/B0DJCZ5885
2024-12-23 18:15:36,867 - RawCrawler - INFO - Successfully crawled https://www.amazon.in/dp/B0D84427H6
2024-12-23 18:15:44,961 - RawCrawler - INFO - Successfully crawled https://www.amazon.in/dp/B0D261D2K1
2024-12-23 18:15:52,949 - RawCrawler - INFO - Successfully crawled https://www.amazon.in/dp/B0CR6MJZFZ
2024-12-23 18:16:01,673 - RawCrawler - INFO - Successfully crawled https://www.amazon.in/dp/B0CCDJF86F
2024-12-23 18:16:09,045 - RawCrawler - INFO - Successfully crawled https://www.amazon.in/dp/B09WHPT4KD
2024-12-23 18:16:16,670 - RawCrawler - INFO - Successfully crawled https://www.amazon.in/dp/B0BRSHYVXZ
2024-12-23 18:16:25,446 - RawCrawler - INFO - Successfully crawled https://www.amazon.in/dp/B0B5GYX7Q4
2024-12-23 18:16:33,083 - RawCrawler - INFO - Successfully crawled https://www.amazon.in/dp/B0B31S59RH
2024-12-23 18:16:41,465 - RawCrawler - INFO - Successfully crawled https://www.amazon.in/dp/B0DGD5BLQ5
2024-12-23 18:16:49,537 - RawCrawler - INFO - Successfully crawled https://www.amazon.in/dp/B0CGVQDGD8
2024-12-23 18:16:56,696 - RawCrawler - INFO - Successfully crawled https://www.amazon.in/dp/B0C9R14QN3
2024-12-23 18:17:03,280 - RawCrawler - INFO - Successfully crawled https://www.amazon.in/dp/B0C1CKZ5CC
2024-12-23 18:17:11,298 - RawCrawler - INFO - Successfully crawled https://www.amazon.in/dp/B0BPRD8N7N
2024-12-23 18:17:20,578 - RawCrawler - INFO - Successfully crawled https://www.amazon.in/dp/B0BBMQ12Z2
2024-12-23 18:17:25,805 - RawCrawler - INFO - Processing page 13
2024-12-23 18:17:41,122 - RawCrawler - INFO - Found 24 valid products on page 13
2024-12-23 18:17:48,541 - RawCrawler - INFO - Successfully crawled https://www.amazon.in/dp/B0B63Z1JYR
2024-12-23 18:17:56,281 - RawCrawler - INFO - Successfully crawled https://www.amazon.in/dp/B09VTJMWB3
2024-12-23 18:18:02,693 - RawCrawler - INFO - Successfully crawled https://www.amazon.in/dp/B0D2DFGB9H
2024-12-23 18:18:09,431 - RawCrawler - INFO - Successfully crawled https://www.amazon.in/dp/B0CYQ98J3B
2024-12-23 18:18:16,873 - RawCrawler - INFO - Successfully crawled https://www.amazon.in/dp/B0CNGVPNCQ
2024-12-23 18:18:25,287 - RawCrawler - INFO - Successfully crawled https://www.amazon.in/dp/B0CG22529X
2024-12-23 18:18:31,091 - RawCrawler - INFO - Successfully crawled https://www.amazon.in/dp/B0CCJSV8GS
2024-12-23 18:18:38,365 - RawCrawler - INFO - Successfully crawled https://www.amazon.in/dp/B0C9R1SRZ4
2024-12-23 18:18:47,110 - RawCrawler - INFO - Successfully crawled https://www.amazon.in/dp/B0C1CMD5SH
2024-12-23 18:18:55,347 - RawCrawler - INFO - Successfully crawled https://www.amazon.in/dp/B0C1CM2W7X
2024-12-23 18:19:04,065 - RawCrawler - INFO - Successfully crawled https://www.amazon.in/dp/B0C1CLGWRB
2024-12-23 18:19:13,077 - RawCrawler - INFO - Successfully crawled https://www.amazon.in/dp/B0BQ1TMSYK
2024-12-23 18:19:22,026 - RawCrawler - INFO - Successfully crawled https://www.amazon.in/dp/B0BQ1GP7NP
2024-12-23 18:19:30,396 - RawCrawler - INFO - Successfully crawled https://www.amazon.in/dp/B0BFX971HS
2024-12-23 18:19:38,538 - RawCrawler - INFO - Successfully crawled https://www.amazon.in/dp/B0BFX7RRK9
2024-12-23 18:19:48,357 - RawCrawler - INFO - Successfully crawled https://www.amazon.in/dp/B0BBMQTCGW
2024-12-23 18:19:55,664 - RawCrawler - INFO - Successfully crawled https://www.amazon.in/dp/B0B31RV4M3
2024-12-23 18:20:03,404 - RawCrawler - INFO - Successfully crawled https://www.amazon.in/dp/B099K7JMLC
2024-12-23 18:20:12,087 - RawCrawler - INFO - Successfully crawled https://www.amazon.in/dp/B0BQ272WS2
2024-12-23 18:20:18,809 - RawCrawler - INFO - Successfully crawled https://www.amazon.in/dp/B0DQ4955LY
2024-12-23 18:20:26,300 - RawCrawler - INFO - Successfully crawled https://www.amazon.in/dp/B0DPFSLLPW
2024-12-23 18:20:36,248 - RawCrawler - INFO - Successfully crawled https://www.amazon.in/dp/B0DP4XBWBS
2024-12-23 18:20:42,790 - RawCrawler - INFO - Successfully crawled https://www.amazon.in/dp/B0DP4K4M6K
2024-12-23 18:20:50,732 - RawCrawler - INFO - Successfully crawled https://www.amazon.in/dp/B0DP4FX28W
2024-12-23 18:20:58,330 - RawCrawler - INFO - Processing page 14
2024-12-23 18:21:14,319 - RawCrawler - INFO - Found 24 valid products on page 14
2024-12-23 18:21:21,251 - RawCrawler - INFO - Successfully crawled https://www.amazon.in/dp/B0DNKL7T46
2024-12-23 18:21:27,503 - RawCrawler - INFO - Successfully crawled https://www.amazon.in/dp/B0DKBLRC7W
2024-12-23 18:21:37,490 - RawCrawler - INFO - Successfully crawled https://www.amazon.in/dp/B0DJCV4LKJ
2024-12-23 18:21:44,526 - RawCrawler - INFO - Successfully crawled https://www.amazon.in/dp/B0DHD7LD2T
2024-12-23 18:21:52,179 - RawCrawler - INFO - Successfully crawled https://www.amazon.in/dp/B0DHD75VCY
2024-12-23 18:22:01,365 - RawCrawler - INFO - Successfully crawled https://www.amazon.in/dp/B0DFYJ3RGV
2024-12-23 18:22:09,427 - RawCrawler - INFO - Successfully crawled https://www.amazon.in/dp/B0DFYGX231
2024-12-23 18:22:18,451 - RawCrawler - INFO - Successfully crawled https://www.amazon.in/dp/B0DFYG27M9
2024-12-23 18:22:25,186 - RawCrawler - INFO - Successfully crawled https://www.amazon.in/dp/B0DBLV5P1V
2024-12-23 18:22:33,843 - RawCrawler - INFO - Successfully crawled https://www.amazon.in/dp/B0DBHTY4DR
2024-12-23 18:22:41,716 - RawCrawler - INFO - Successfully crawled https://www.amazon.in/dp/B0D9M4L579
2024-12-23 18:22:50,009 - RawCrawler - INFO - Successfully crawled https://www.amazon.in/dp/B0D9JMZBW8
2024-12-23 18:22:59,812 - RawCrawler - INFO - Successfully crawled https://www.amazon.in/dp/B0D9JML5N4
2024-12-23 18:23:06,865 - RawCrawler - INFO - Successfully crawled https://www.amazon.in/dp/B0D9JMJ9QY
2024-12-23 18:23:15,074 - RawCrawler - INFO - Successfully crawled https://www.amazon.in/dp/B0D9JMF7DM
2024-12-23 18:23:22,907 - RawCrawler - INFO - Successfully crawled https://www.amazon.in/dp/B0D9JLD3JY
2024-12-23 18:23:32,552 - RawCrawler - INFO - Successfully crawled https://www.amazon.in/dp/B0D9JKXRJ2
2024-12-23 18:23:39,560 - RawCrawler - INFO - Successfully crawled https://www.amazon.in/dp/B0D8YRQLGP
2024-12-23 18:23:47,289 - RawCrawler - INFO - Successfully crawled https://www.amazon.in/dp/B0D8YPB718
2024-12-23 18:23:55,249 - RawCrawler - INFO - Successfully crawled https://www.amazon.in/dp/B0D62FWHW6
2024-12-23 18:24:03,226 - RawCrawler - INFO - Successfully crawled https://www.amazon.in/dp/B0D5ZRBTWD
2024-12-23 18:24:10,138 - RawCrawler - INFO - Successfully crawled https://www.amazon.in/dp/B0D5ZM4BV5
2024-12-23 18:24:19,174 - RawCrawler - INFO - Successfully crawled https://www.amazon.in/dp/B0D5ZLJBBN
2024-12-23 18:24:28,818 - RawCrawler - INFO - Successfully crawled https://www.amazon.in/dp/B0D5ZJY4S5
2024-12-23 18:24:35,867 - RawCrawler - INFO - Processing page 15
2024-12-23 18:24:48,967 - RawCrawler - INFO - Found 24 valid products on page 15
2024-12-23 18:24:52,675 - RawCrawler - ERROR - Error crawling https://www.amazon.in/dp/B0D5ZGYPD2: Bot detection triggered
2024-12-23 18:25:06,943 - RawCrawler - ERROR - Error crawling https://www.amazon.in/dp/B0D5ZGYPD2: Bot detection triggered
2024-12-23 18:25:30,740 - RawCrawler - ERROR - Error crawling https://www.amazon.in/dp/B0D5ZGYPD2: Bot detection triggered
2024-12-23 18:25:37,766 - RawCrawler - INFO - Successfully crawled https://www.amazon.in/dp/B0D5Z37F3H
2024-12-23 18:25:47,583 - RawCrawler - INFO - Successfully crawled https://www.amazon.in/dp/B0D5Z2X5SS
2024-12-23 18:25:56,429 - RawCrawler - INFO - Successfully crawled https://www.amazon.in/dp/B0D5YZPPWJ
2024-12-23 18:26:05,283 - RawCrawler - INFO - Successfully crawled https://www.amazon.in/dp/B0D5YXQ5J9
2024-12-23 18:26:11,271 - RawCrawler - INFO - Successfully crawled https://www.amazon.in/dp/B0D425FHN1
2024-12-23 18:26:19,005 - RawCrawler - INFO - Successfully crawled https://www.amazon.in/dp/B0D263569K
2024-12-23 18:26:27,722 - RawCrawler - INFO - Successfully crawled https://www.amazon.in/dp/B0CXTDNJTX
2024-12-23 18:26:35,418 - RawCrawler - INFO - Successfully crawled https://www.amazon.in/dp/B0CWGN6QY5
2024-12-23 18:26:41,044 - RawCrawler - ERROR - Error crawling https://www.amazon.in/dp/B0CRF2ZW3S: Bot detection triggered
2024-12-23 18:26:54,181 - RawCrawler - ERROR - Error crawling https://www.amazon.in/dp/B0CRF2ZW3S: Bot detection triggered
2024-12-23 18:27:19,879 - RawCrawler - INFO - Successfully crawled https://www.amazon.in/dp/B0CRF2ZW3S
2024-12-23 18:27:26,844 - RawCrawler - ERROR - Error crawling https://www.amazon.in/dp/B0CR6MGBXM: Bot detection triggered
2024-12-23 18:27:41,917 - RawCrawler - INFO - Successfully crawled https://www.amazon.in/dp/B0CR6MGBXM
2024-12-23 18:27:45,847 - RawCrawler - ERROR - Error crawling https://www.amazon.in/dp/B0CQ89F7NZ: Bot detection triggered
2024-12-23 18:28:00,875 - RawCrawler - INFO - Successfully crawled https://www.amazon.in/dp/B0CQ89F7NZ
2024-12-23 18:28:06,993 - RawCrawler - ERROR - Error crawling https://www.amazon.in/dp/B0CPXZ117Q: Bot detection triggered
2024-12-23 18:28:33,044 - RawCrawler - ERROR - Error crawling https://www.amazon.in/dp/B0CPXZ117Q: Cannot connect to host www.amazon.in:443 ssl:default [getaddrinfo failed]
2024-12-23 18:29:01,642 - asyncio - ERROR - Error on reading from the event loop self pipe
loop: <ProactorEventLoop running=True closed=False debug=False>
Traceback (most recent call last):
  File "C:\Users\gathe\AppData\Local\Programs\Python\Python313\Lib\asyncio\proactor_events.py", line 792, in _loop_self_reading
    f.result()  # may raise
    ~~~~~~~~^^
  File "C:\Users\gathe\AppData\Local\Programs\Python\Python313\Lib\asyncio\windows_events.py", line 804, in _poll
    value = callback(transferred, key, ov)
  File "C:\Users\gathe\AppData\Local\Programs\Python\Python313\Lib\asyncio\windows_events.py", line 463, in finish_socket_func
    return ov.getresult()
           ~~~~~~~~~~~~^^
ConnectionAbortedError: [WinError 1236] The network connection was aborted by the local system
2024-12-23 18:29:28,419 - RawCrawler - ERROR - Error crawling https://www.amazon.in/dp/B0CPXZ117Q: 
2024-12-23 18:30:05,412 - RawCrawler - ERROR - Error crawling https://www.amazon.in/dp/B0CPXYDDVH: 
2024-12-23 18:30:48,414 - RawCrawler - ERROR - Error crawling https://www.amazon.in/dp/B0CPXYDDVH: 
2024-12-23 18:31:42,419 - RawCrawler - ERROR - Error crawling https://www.amazon.in/dp/B0CPXYDDVH: 
2024-12-23 18:31:49,267 - RawCrawler - ERROR - Error crawling https://www.amazon.in/dp/B0CNGYNVLG: Bot detection triggered
2024-12-23 18:32:21,417 - RawCrawler - INFO - Successfully crawled https://www.amazon.in/dp/B0CNGYNVLG
2024-12-23 18:32:58,416 - RawCrawler - ERROR - Error crawling https://www.amazon.in/dp/B0CJ2R2YTY: 
2024-12-23 18:33:41,423 - RawCrawler - ERROR - Error crawling https://www.amazon.in/dp/B0CJ2R2YTY: 
2024-12-23 18:34:35,412 - RawCrawler - ERROR - Error crawling https://www.amazon.in/dp/B0CJ2R2YTY: 
2024-12-23 18:34:58,422 - RawCrawler - INFO - Successfully crawled https://www.amazon.in/dp/B0CCSWXK4P
2024-12-23 18:35:34,412 - RawCrawler - ERROR - Error crawling https://www.amazon.in/dp/B0CCJDN3Z3: 
2024-12-23 18:36:17,420 - RawCrawler - ERROR - Error crawling https://www.amazon.in/dp/B0CCJDN3Z3: 
2024-12-23 18:37:10,426 - RawCrawler - ERROR - Error crawling https://www.amazon.in/dp/B0CCJDN3Z3: 
2024-12-23 18:37:35,427 - RawCrawler - INFO - Successfully crawled https://www.amazon.in/dp/B0CBW3R5LB
2024-12-23 18:38:12,416 - RawCrawler - ERROR - Error crawling https://www.amazon.in/dp/B0CBW1CV58: 
2024-12-23 18:38:55,416 - RawCrawler - ERROR - Error crawling https://www.amazon.in/dp/B0CBW1CV58: 
2024-12-23 18:39:49,415 - RawCrawler - ERROR - Error crawling https://www.amazon.in/dp/B0CBW1CV58: 
2024-12-23 18:39:56,592 - RawCrawler - ERROR - Error crawling https://www.amazon.in/dp/B0CBW1876T: Bot detection triggered
2024-12-23 18:40:29,425 - RawCrawler - INFO - Successfully crawled https://www.amazon.in/dp/B0CBW1876T
2024-12-23 18:41:07,416 - RawCrawler - ERROR - Error crawling https://www.amazon.in/dp/B0CBVZY7X1: 
2024-12-23 18:41:51,421 - RawCrawler - ERROR - Error crawling https://www.amazon.in/dp/B0CBVZY7X1: 
2024-12-23 18:42:44,498 - main - INFO - Crawler process finished
2024-12-23 18:42:44,499 - asyncio - ERROR - Error on reading from the event loop self pipe
loop: <ProactorEventLoop running=True closed=False debug=False>
Traceback (most recent call last):
  File "C:\Users\gathe\AppData\Local\Programs\Python\Python313\Lib\asyncio\runners.py", line 118, in run
    return self._loop.run_until_complete(task)
           ~~~~~~~~~~~~~~~~~~~~~~~~~~~~~^^^^^^
  File "C:\Users\gathe\AppData\Local\Programs\Python\Python313\Lib\asyncio\base_events.py", line 721, in run_until_complete
    return future.result()
           ~~~~~~~~~~~~~^^
  File "D:\laptop_crawler\Scripts\run_crawler.py", line 48, in main
    await crawler.run()
  File "D:\laptop_crawler\src\crawler\raw_crawler.py", line 324, in run
    success = await self.crawl_product(session, link)
              ^^^^^^^^^^^^^^^^^^^^^^^^^^^^^^^^^^^^^^^
  File "D:\laptop_crawler\src\crawler\raw_crawler.py", line 218, in crawl_product
    async with session.get(url, headers=headers, timeout=30) as response:
               ~~~~~~~~~~~^^^^^^^^^^^^^^^^^^^^^^^^^^^^^^^^^^
  File "D:\venv\Lib\site-packages\aiohttp\client.py", line 1423, in __aenter__
    self._resp: _RetType = await self._coro
                           ^^^^^^^^^^^^^^^^
  File "D:\venv\Lib\site-packages\aiohttp\client.py", line 701, in _request
    conn = await self._connector.connect(
           ^^^^^^^^^^^^^^^^^^^^^^^^^^^^^^
        req, traces=traces, timeout=real_timeout
        ^^^^^^^^^^^^^^^^^^^^^^^^^^^^^^^^^^^^^^^^
    )
    ^
  File "D:\venv\Lib\site-packages\aiohttp\connector.py", line 544, in connect
    proto = await self._create_connection(req, traces, timeout)
            ^^^^^^^^^^^^^^^^^^^^^^^^^^^^^^^^^^^^^^^^^^^^^^^^^^^
  File "D:\venv\Lib\site-packages\aiohttp\connector.py", line 1050, in _create_connection
    _, proto = await self._create_direct_connection(req, traces, timeout)
               ^^^^^^^^^^^^^^^^^^^^^^^^^^^^^^^^^^^^^^^^^^^^^^^^^^^^^^^^^^
  File "D:\venv\Lib\site-packages\aiohttp\connector.py", line 1345, in _create_direct_connection
    hosts = await self._resolve_host(host, port, traces=traces)
            ^^^^^^^^^^^^^^^^^^^^^^^^^^^^^^^^^^^^^^^^^^^^^^^^^^^
  File "D:\venv\Lib\site-packages\aiohttp\connector.py", line 989, in _resolve_host
    return await asyncio.shield(resolved_host_task)
           ^^^^^^^^^^^^^^^^^^^^^^^^^^^^^^^^^^^^^^^^
asyncio.exceptions.CancelledError

During handling of the above exception, another exception occurred:

Traceback (most recent call last):
  File "C:\Users\gathe\AppData\Local\Programs\Python\Python313\Lib\asyncio\runners.py", line 194, in run
    return runner.run(main)
           ~~~~~~~~~~^^^^^^
  File "C:\Users\gathe\AppData\Local\Programs\Python\Python313\Lib\asyncio\runners.py", line 123, in run
    raise KeyboardInterrupt()
KeyboardInterrupt

During handling of the above exception, another exception occurred:

Traceback (most recent call last):
  File "C:\Users\gathe\AppData\Local\Programs\Python\Python313\Lib\asyncio\proactor_events.py", line 801, in _loop_self_reading
    f = self._proactor.recv(self._ssock, 4096)
  File "C:\Users\gathe\AppData\Local\Programs\Python\Python313\Lib\asyncio\windows_events.py", line 488, in recv
    ov.WSARecv(conn.fileno(), nbytes, flags)
    ~~~~~~~~~~^^^^^^^^^^^^^^^^^^^^^^^^^^^^^^
ConnectionResetError: [WinError 10054] An existing connection was forcibly closed by the remote host
2024-12-23 18:42:44,551 - asyncio - ERROR - Error on reading from the event loop self pipe
loop: <ProactorEventLoop running=True closed=False debug=False>
Traceback (most recent call last):
  File "C:\Users\gathe\AppData\Local\Programs\Python\Python313\Lib\asyncio\runners.py", line 118, in run
    return self._loop.run_until_complete(task)
           ~~~~~~~~~~~~~~~~~~~~~~~~~~~~~^^^^^^
  File "C:\Users\gathe\AppData\Local\Programs\Python\Python313\Lib\asyncio\base_events.py", line 721, in run_until_complete
    return future.result()
           ~~~~~~~~~~~~~^^
  File "D:\laptop_crawler\Scripts\run_crawler.py", line 48, in main
    await crawler.run()
  File "D:\laptop_crawler\src\crawler\raw_crawler.py", line 324, in run
    success = await self.crawl_product(session, link)
              ^^^^^^^^^^^^^^^^^^^^^^^^^^^^^^^^^^^^^^^
  File "D:\laptop_crawler\src\crawler\raw_crawler.py", line 218, in crawl_product
    async with session.get(url, headers=headers, timeout=30) as response:
               ~~~~~~~~~~~^^^^^^^^^^^^^^^^^^^^^^^^^^^^^^^^^^
  File "D:\venv\Lib\site-packages\aiohttp\client.py", line 1423, in __aenter__
    self._resp: _RetType = await self._coro
                           ^^^^^^^^^^^^^^^^
  File "D:\venv\Lib\site-packages\aiohttp\client.py", line 701, in _request
    conn = await self._connector.connect(
           ^^^^^^^^^^^^^^^^^^^^^^^^^^^^^^
        req, traces=traces, timeout=real_timeout
        ^^^^^^^^^^^^^^^^^^^^^^^^^^^^^^^^^^^^^^^^
    )
    ^
  File "D:\venv\Lib\site-packages\aiohttp\connector.py", line 544, in connect
    proto = await self._create_connection(req, traces, timeout)
            ^^^^^^^^^^^^^^^^^^^^^^^^^^^^^^^^^^^^^^^^^^^^^^^^^^^
  File "D:\venv\Lib\site-packages\aiohttp\connector.py", line 1050, in _create_connection
    _, proto = await self._create_direct_connection(req, traces, timeout)
               ^^^^^^^^^^^^^^^^^^^^^^^^^^^^^^^^^^^^^^^^^^^^^^^^^^^^^^^^^^
  File "D:\venv\Lib\site-packages\aiohttp\connector.py", line 1345, in _create_direct_connection
    hosts = await self._resolve_host(host, port, traces=traces)
            ^^^^^^^^^^^^^^^^^^^^^^^^^^^^^^^^^^^^^^^^^^^^^^^^^^^
  File "D:\venv\Lib\site-packages\aiohttp\connector.py", line 989, in _resolve_host
    return await asyncio.shield(resolved_host_task)
           ^^^^^^^^^^^^^^^^^^^^^^^^^^^^^^^^^^^^^^^^
asyncio.exceptions.CancelledError

During handling of the above exception, another exception occurred:

Traceback (most recent call last):
  File "C:\Users\gathe\AppData\Local\Programs\Python\Python313\Lib\asyncio\runners.py", line 194, in run
    return runner.run(main)
           ~~~~~~~~~~^^^^^^
  File "C:\Users\gathe\AppData\Local\Programs\Python\Python313\Lib\asyncio\runners.py", line 123, in run
    raise KeyboardInterrupt()
KeyboardInterrupt

During handling of the above exception, another exception occurred:

Traceback (most recent call last):
  File "C:\Users\gathe\AppData\Local\Programs\Python\Python313\Lib\asyncio\proactor_events.py", line 801, in _loop_self_reading
    f = self._proactor.recv(self._ssock, 4096)
  File "C:\Users\gathe\AppData\Local\Programs\Python\Python313\Lib\asyncio\windows_events.py", line 488, in recv
    ov.WSARecv(conn.fileno(), nbytes, flags)
    ~~~~~~~~~~^^^^^^^^^^^^^^^^^^^^^^^^^^^^^^
ConnectionResetError: [WinError 10054] An existing connection was forcibly closed by the remote host
2024-12-23 18:42:44,554 - root - INFO - Crawler stopped by user
